INFO:root:Client object created
INFO:root:Client object created
INFO:root:Client object created
INFO:root:Client object created
INFO:root:Client object created
INFO:root:Client object created
INFO:root:Client object created
INFO:root:Client object created
INFO:root:Entered the context of a View object
DEBUG:root:Passed View object to IRC Client
DEBUG:root:IRC Client is subscribed to the View (to receive user input)
DEBUG:asyncio:Using selector: KqueueSelector
DEBUG:root:Character int: 108
DEBUG:root:Character int: 115
DEBUG:root:Character int: 10
DEBUG:root:Input line: ls
INFO:root:IRCClient.update -> msg: ls
DEBUG:root:Character int: 10
DEBUG:root:Input line: 
DEBUG:root:Character int: 10
DEBUG:root:Input line: 
DEBUG:root:Character int: 104
DEBUG:root:Character int: 101
DEBUG:root:Character int: 108
DEBUG:root:Character int: 108
DEBUG:root:Character int: 111
DEBUG:root:Character int: 32
DEBUG:root:Character int: 10
DEBUG:root:Input line: hello 
INFO:root:IRCClient.update -> msg: hello 
DEBUG:root:Signifies end of process
DEBUG:root:Exiting context and closing View object
DEBUG:root:Closing IRC Client object
